<?xml version="1.0" encoding="UTF-8"?>
<testsuite xmlns:xsi="http://www.w3.org/2001/XMLSchema-instance" xsi:noNamespaceSchemaLocation="https://maven.apache.org/surefire/maven-surefire-plugin/xsd/surefire-test-report.xsd" name="com.vanyasavdb.demo.DemoApplicationTest" time="1.351" tests="2" errors="0" skipped="0" failures="0">
  <properties>
[...]
</properties>
  <testcase name="ListCustomShouldReturnDefaultMessage" classname="com.vanyasavdb.demo.DemoApplicationTest" time="0.12"/>
  <testcase name="ListShouldReturnDefaultMessage" classname="com.vanyasavdb.demo.DemoApplicationTest" time="0.061"/>
</testsuite>